<?xml version="1.0" encoding="UTF-8"?>
<testsuite xmlns:xsi="http://www.w3.org/2001/XMLSchema-instance" xsi:noNamespaceSchemaLocation="https://maven.apache.org/surefire/maven-surefire-plugin/xsd/surefire-test-report.xsd" name="com.jelij.adapters.commands.sql.SelectTest" time="0.234" tests="3" errors="0" skipped="0" failures="0">
  <properties>
[...]
</properties>
  <testcase name="in" classname="com.jelij.adapters.commands.sql.SelectTest" time="0.208"/>
  <testcase name="equal" classname="com.jelij.adapters.commands.sql.SelectTest" time="0.004"/>
  <testcase name="notEqual" classname="com.jelij.adapters.commands.sql.SelectTest" time="0.016"/>
</testsuite>